Processing artist: Lauren Hansom...Loading events by scraping https://www.residentadvisor.net/dj/laurenhansom in year 2019
Event: Lucid: Kate Miller b2b Toni Yotzi, Lauren Hansom Residents at ​Lounge  at 243 Swanston St Walk Melbourne, VIC 3000  Australia
Event: De Discotheek at ​Ekko  at Bemuurde Weerd WZ 3, 3513 BH, Utrecht,  Netherlands
Event: Bwelke presents: Lauren Hansom & Andrea Zarza at ​berlinClub  at Costanilla de los Ángeles, 20, 28013 Madrid  Spain
Event: Altered Soul Experiment with Dane & Lauren Hansom at ​OHM  at Köpenicker Str. 70, 10179 Berlin,  Germany
Event: Perky Club: Lauren Hansom and Dea Barandana at ​The Room Hotel Monopoli  at Jalan Taman Kemang No. 12 Jakarta Selatan, 12730  Indonesia
Event: Yeah Nah Yeah presents: Head in the Clouds at ​Kings Cross Hotel  at 244–248 William St, Potts Point NSW 2011,  Australia
Event: Lente Kabinet 2019 at ​Het Twiske  at Noorderlaaik 1, 1511 BX Oostzaan Amsterdam  Netherlands
Event: Heels & Souls: Tornado Wallace, D.K., Lauren Hansom & Bianca Lexis at ​The Pickle Factory  at 13-14 The Oval, London E2 9DU  United Kingdom
Event: Gottwood Festival 2019 at ​Carreglwyd Estate  at Carreglwyd Wood, Carreglwyd, Llanfaethlu, Holyhead, Wales, LL65 4NY  United Kingdom
Event: Red Bull Music Festival Stockholm presents Sky City x Takt x Love Potion at ​Tak  at Brunkebergstorg 2-4, 111 51 Stockholm,  Sweden
Event: Festimi - De Pinksterzondag at ​De Binnenplaats  at Humberweg 7  Netherlands
Event: Kala 2019 at ​Dhërmi Beach  at Dhërmi Beach, Vlorë,  Albania
Event: OOST • The Clubnacht Special (Attend for Free Entrance) at ​Oost  at Oosterstraat 13a, 9711 NN, Groningen,  Netherlands
Event: Zomertijd: Mafalda  at Rembrandtplein 17, 1017 Binnenstad, Amsterdam,  Netherlands
Event: By the Creek 2019 at ​Recreatiegebied Middelwaard  at Middelwaard 2-4, 4133 LB, Vianen,  Netherlands
Event: Dust Off Days ~ Finalborgo at ​Chiostri di Santa Caterina  at Via Lancellotto, 17024 Finale Ligure SV,  Italy
Event: P I N K by Luvthang at ​Salon Zur Wilden Renate  at Alt Stralau 70 Friedrichshain 10245 Berlin  Germany
Event: Tessellate Day & Night with Marcellus Pittman & Lauren Hansom at ​Mick's Garage  at Queens Yard, London, E9 5EN  United Kingdom
Event: In het Zand Festival at ​Strand Oog in Al  at Kanaalweg 199, 3533 HL Utrecht,  Netherlands
Event: Shelter; Perel, Tsepo, Lauren Hansom at ​Shelter Amsterdam  at Overhoeksplein 3, 1031KS, Amsterdam  Netherlands
Event: Oscillate Extended at ​: at Markgrafendamm 24c Friedrichshain 10245 Berlin  Germany
Event: Miss World: Lauren Hansom at ​Sneaky Pete's  at 73 Cowgate Edinburgh, EH1 1JW Scotland  United Kingdom
Event: Antal  at Doctor Jan van Breemenstraat 1 1056 AB Amsterdam  Netherlands
Event: Horst Arts & Music Festival 2019 at ​ASIAT  at Mechelsesteenweg 255, 1800 Vilvoorde  Belgium
Event: Eternal Loves Invites: Lauren Hansom at ​Apophis Club  at Via Carlo Giuseppe Merlo 3 (844.36 km) 20122 Milan,  Italy
Event: Elias Mazian + Ferro  at Rembrandtplein 17, 1017 Binnenstad, Amsterdam,  Netherlands
Event: Young Stedelijk pARTy | 5th anniversary at ​Skatecafe  at Gedempt Hamerkanaal 42  Netherlands
Event: Uforia w. Mount Liberation Unlimited, Minor Science, Lauren Hansom & More at ​Salon Zur Wilden Renate  at Alt Stralau 70 Friedrichshain 10245 Berlin  Germany
Event: Martine Au Bruit Invite Lauren Hansom (AUS) at ​Le Nose  at 3 rue Ernest Deconynck - 5900 - Lille  France
Event: Sweaty Palms - Lauren Hansom at ​Onder Stroom  at Tavernierkaai 11, 2000 Antwerpen,  Belgium
Event: Palms with Lauren Hansom, Hermes Villena & Hade at ​Gewölbe  at Hans-Böckler Platz 2, 50672 Cologne  Germany
Event: PIP goes Skatecafe ADE at ​Skatecafe  at Gedempt Hamerkanaal 42  Netherlands
Event: Mehmet Aslan Invites at ​Le Sucre  at 50 quai Rambaud, 69002 Lyon,  France
Event: Doka Studio - Lauren Hansom at ​Doka  at Wibautstraat 150, 1091 GR Amsterdam,  Netherlands
Event: La Main Mise Invite Lauren Hansom at ​Le Romandie  at Place de l'Europe 1a 1003, Lausanne  Switzerland
Event: Manifest with Lauren Hansom (AUS) at ​Sass Music Club  at Karlsplatz 1 1010 Vienna  Austria
Event: O P I U M X: Job Jobse, Oliver Hafenbauer, Lauren Hansom at ​Opium Club  at Islandijos gatvė 4, Vilnius 01401, ‎  Lithuania
Event: Fandango at ​Kake  at Ziegrastraße 11, 12057 Berlin,  Germany
Event: Lauren Hansom, Hanna Ojanen, Jenifa at ​Post Bar  at Kaikukatu 2  Finland
Lauren Hansom toured at 36 events in 2019
Finding closes airport for 244–248 William St, Potts Point NSW 2011,  Australia
finding text based coordinates
https://maps.googleapis.com/maps/api/place/findplacefromtext/json?input=244%E2%80%93248%20William%20St%20Potts%20Point%20NSW%202011%C2%A0%20Australia&inputtype=textquery&fields=geometry&key=AIzaSyCicNHjqdmk99ZATCh_3h5o1unZypmguSw
Closest airport: 
Finding closes airport for Overhoeksplein 3, 1031KS, Amsterdam  Netherlands
finding text based coordinates
https://maps.googleapis.com/maps/api/place/findplacefromtext/json?input=Overhoeksplein%203%201031KS%20Amsterdam%C2%A0%20Netherlands&inputtype=textquery&fields=geometry&key=AIzaSyCicNHjqdmk99ZATCh_3h5o1unZypmguSw
Closest airport: 
Finding closes airport for Mechelsesteenweg 255, 1800 Vilvoorde  Belgium
finding text based coordinates
https://maps.googleapis.com/maps/api/place/findplacefromtext/json?input=Mechelsesteenweg%20255%201800%20Vilvoorde%C2%A0%20Belgium&inputtype=textquery&fields=geometry&key=AIzaSyCicNHjqdmk99ZATCh_3h5o1unZypmguSw
Closest airport: 
Finding closes airport for Gedempt Hamerkanaal 42  Netherlands
finding text based coordinates
https://maps.googleapis.com/maps/api/place/findplacefromtext/json?input=Gedempt%20Hamerkanaal%2042%C2%A0%20Netherlands&inputtype=textquery&fields=geometry&key=AIzaSyCicNHjqdmk99ZATCh_3h5o1unZypmguSw
Closest airport: 
Finding closes airport for Costanilla de los Ángeles, 20, 28013 Madrid  Spain
finding text based coordinates
https://maps.googleapis.com/maps/api/place/findplacefromtext/json?input=Costanilla%20de%20los%20%C3%81ngeles%2020%2028013%20Madrid%C2%A0%20Spain&inputtype=textquery&fields=geometry&key=AIzaSyCicNHjqdmk99ZATCh_3h5o1unZypmguSw
Closest airport: 
Finding closes airport for 13-14 The Oval, London E2 9DU  United Kingdom
finding text based coordinates
https://maps.googleapis.com/maps/api/place/findplacefromtext/json?input=13-14%20The%20Oval%20London%20E2%209DU%C2%A0%20United%20Kingdom&inputtype=textquery&fields=geometry&key=AIzaSyCicNHjqdmk99ZATCh_3h5o1unZypmguSw
Closest airport: 
Finding closes airport for 50 quai Rambaud, 69002 Lyon,  France
finding text based coordinates
https://maps.googleapis.com/maps/api/place/findplacefromtext/json?input=50%20quai%20Rambaud%2069002%20Lyon%C2%A0%20France&inputtype=textquery&fields=geometry&key=AIzaSyCicNHjqdmk99ZATCh_3h5o1unZypmguSw
Closest airport: 
Finding closes airport for Karlsplatz 1 1010 Vienna  Austria
finding text based coordinates
https://maps.googleapis.com/maps/api/place/findplacefromtext/json?input=Karlsplatz%201%201010%20Vienna%C2%A0%20Austria&inputtype=textquery&fields=geometry&key=AIzaSyCicNHjqdmk99ZATCh_3h5o1unZypmguSw
Closest airport: 
Finding closes airport for Brunkebergstorg 2-4, 111 51 Stockholm,  Sweden
finding text based coordinates
https://maps.googleapis.com/maps/api/place/findplacefromtext/json?input=Brunkebergstorg%202-4%20111%2051%20Stockholm%C2%A0%20Sweden&inputtype=textquery&fields=geometry&key=AIzaSyCicNHjqdmk99ZATCh_3h5o1unZypmguSw
Closest airport: 
Finding closes airport for Dhërmi Beach, Vlorë,  Albania
finding text based coordinates
https://maps.googleapis.com/maps/api/place/findplacefromtext/json?input=Dh%C3%ABrmi%20Beach%20Vlor%C3%AB%C2%A0%20Albania&inputtype=textquery&fields=geometry&key=AIzaSyCicNHjqdmk99ZATCh_3h5o1unZypmguSw
Closest airport: 
Finding closes airport for Bemuurde Weerd WZ 3, 3513 BH, Utrecht,  Netherlands
finding text based coordinates
https://maps.googleapis.com/maps/api/place/findplacefromtext/json?input=Bemuurde%20Weerd%20WZ%203%203513%20BH%20Utrecht%C2%A0%20Netherlands&inputtype=textquery&fields=geometry&key=AIzaSyCicNHjqdmk99ZATCh_3h5o1unZypmguSw
Closest airport: 
Finding closes airport for Noorderlaaik 1, 1511 BX Oostzaan Amsterdam  Netherlands
finding text based coordinates
https://maps.googleapis.com/maps/api/place/findplacefromtext/json?input=Noorderlaaik%201%201511%20BX%20Oostzaan%20Amsterdam%C2%A0%20Netherlands&inputtype=textquery&fields=geometry&key=AIzaSyCicNHjqdmk99ZATCh_3h5o1unZypmguSw
Closest airport: 
Finding closes airport for 73 Cowgate Edinburgh, EH1 1JW Scotland  United Kingdom
finding text based coordinates
https://maps.googleapis.com/maps/api/place/findplacefromtext/json?input=73%20Cowgate%20Edinburgh%20EH1%201JW%20Scotland%C2%A0%20United%20Kingdom&inputtype=textquery&fields=geometry&key=AIzaSyCicNHjqdmk99ZATCh_3h5o1unZypmguSw
Closest airport: 
Finding closes airport for Gedempt Hamerkanaal 42  Netherlands
finding text based coordinates
https://maps.googleapis.com/maps/api/place/findplacefromtext/json?input=Gedempt%20Hamerkanaal%2042%C2%A0%20Netherlands&inputtype=textquery&fields=geometry&key=AIzaSyCicNHjqdmk99ZATCh_3h5o1unZypmguSw
Closest airport: 
Finding closes airport for Rembrandtplein 17, 1017 Binnenstad, Amsterdam,  Netherlands
finding text based coordinates
https://maps.googleapis.com/maps/api/place/findplacefromtext/json?input=Rembrandtplein%2017%201017%20Binnenstad%20Amsterdam%C2%A0%20Netherlands&inputtype=textquery&fields=geometry&key=AIzaSyCicNHjqdmk99ZATCh_3h5o1unZypmguSw
Closest airport: 
Finding closes airport for Tavernierkaai 11, 2000 Antwerpen,  Belgium
finding text based coordinates
https://maps.googleapis.com/maps/api/place/findplacefromtext/json?input=Tavernierkaai%2011%202000%20Antwerpen%C2%A0%20Belgium&inputtype=textquery&fields=geometry&key=AIzaSyCicNHjqdmk99ZATCh_3h5o1unZypmguSw
Closest airport: 
Finding closes airport for Place de l'Europe 1a 1003, Lausanne  Switzerland
finding text based coordinates
https://maps.googleapis.com/maps/api/place/findplacefromtext/json?input=Place%20de%20l%27Europe%201a%201003%20Lausanne%C2%A0%20Switzerland&inputtype=textquery&fields=geometry&key=AIzaSyCicNHjqdmk99ZATCh_3h5o1unZypmguSw
Closest airport: 
Finding closes airport for Ziegrastraße 11, 12057 Berlin,  Germany
finding text based coordinates
https://maps.googleapis.com/maps/api/place/findplacefromtext/json?input=Ziegrastra%C3%9Fe%2011%2012057%20Berlin%C2%A0%20Germany&inputtype=textquery&fields=geometry&key=AIzaSyCicNHjqdmk99ZATCh_3h5o1unZypmguSw
Closest airport: 
Finding closes airport for 243 Swanston St Walk Melbourne, VIC 3000  Australia
finding text based coordinates
https://maps.googleapis.com/maps/api/place/findplacefromtext/json?input=243%20Swanston%20St%20Walk%20Melbourne%20VIC%203000%C2%A0%20Australia&inputtype=textquery&fields=geometry&key=AIzaSyCicNHjqdmk99ZATCh_3h5o1unZypmguSw
Closest airport: 
Finding closes airport for Kanaalweg 199, 3533 HL Utrecht,  Netherlands
finding text based coordinates
https://maps.googleapis.com/maps/api/place/findplacefromtext/json?input=Kanaalweg%20199%203533%20HL%20Utrecht%C2%A0%20Netherlands&inputtype=textquery&fields=geometry&key=AIzaSyCicNHjqdmk99ZATCh_3h5o1unZypmguSw
Closest airport: 
Finding closes airport for Alt Stralau 70 Friedrichshain 10245 Berlin  Germany
finding text based coordinates
https://maps.googleapis.com/maps/api/place/findplacefromtext/json?input=Alt%20Stralau%2070%20Friedrichshain%2010245%20Berlin%C2%A0%20Germany&inputtype=textquery&fields=geometry&key=AIzaSyCicNHjqdmk99ZATCh_3h5o1unZypmguSw
Closest airport: 
Finding closes airport for 3 rue Ernest Deconynck - 5900 - Lille  France
finding text based coordinates
https://maps.googleapis.com/maps/api/place/findplacefromtext/json?input=3%20rue%20Ernest%20Deconynck%20-%205900%20-%20Lille%C2%A0%20France&inputtype=textquery&fields=geometry&key=AIzaSyCicNHjqdmk99ZATCh_3h5o1unZypmguSw
Closest airport: 
Finding closes airport for Markgrafendamm 24c Friedrichshain 10245 Berlin  Germany
finding text based coordinates
https://maps.googleapis.com/maps/api/place/findplacefromtext/json?input=Markgrafendamm%2024c%20Friedrichshain%2010245%20Berlin%C2%A0%20Germany&inputtype=textquery&fields=geometry&key=AIzaSyCicNHjqdmk99ZATCh_3h5o1unZypmguSw
Closest airport: 
Finding closes airport for Hans-Böckler Platz 2, 50672 Cologne  Germany
finding text based coordinates
https://maps.googleapis.com/maps/api/place/findplacefromtext/json?input=Hans-B%C3%B6ckler%20Platz%202%2050672%20Cologne%C2%A0%20Germany&inputtype=textquery&fields=geometry&key=AIzaSyCicNHjqdmk99ZATCh_3h5o1unZypmguSw
Closest airport: 
Finding closes airport for Köpenicker Str. 70, 10179 Berlin,  Germany
finding text based coordinates
https://maps.googleapis.com/maps/api/place/findplacefromtext/json?input=K%C3%B6penicker%20Str.%2070%2010179%20Berlin%C2%A0%20Germany&inputtype=textquery&fields=geometry&key=AIzaSyCicNHjqdmk99ZATCh_3h5o1unZypmguSw
Closest airport: 
Finding closes airport for Humberweg 7  Netherlands
finding text based coordinates
https://maps.googleapis.com/maps/api/place/findplacefromtext/json?input=Humberweg%207%C2%A0%20Netherlands&inputtype=textquery&fields=geometry&key=AIzaSyCicNHjqdmk99ZATCh_3h5o1unZypmguSw
Closest airport: 
Finding closes airport for Oosterstraat 13a, 9711 NN, Groningen,  Netherlands
finding text based coordinates
https://maps.googleapis.com/maps/api/place/findplacefromtext/json?input=Oosterstraat%2013a%209711%20NN%20Groningen%C2%A0%20Netherlands&inputtype=textquery&fields=geometry&key=AIzaSyCicNHjqdmk99ZATCh_3h5o1unZypmguSw
Closest airport: 
Finding closes airport for Middelwaard 2-4, 4133 LB, Vianen,  Netherlands
finding text based coordinates
https://maps.googleapis.com/maps/api/place/findplacefromtext/json?input=Middelwaard%202-4%204133%20LB%20Vianen%C2%A0%20Netherlands&inputtype=textquery&fields=geometry&key=AIzaSyCicNHjqdmk99ZATCh_3h5o1unZypmguSw
Closest airport: 
Finding closes airport for Via Lancellotto, 17024 Finale Ligure SV,  Italy
finding text based coordinates
https://maps.googleapis.com/maps/api/place/findplacefromtext/json?input=Via%20Lancellotto%2017024%20Finale%20Ligure%20SV%C2%A0%20Italy&inputtype=textquery&fields=geometry&key=AIzaSyCicNHjqdmk99ZATCh_3h5o1unZypmguSw
Closest airport: 
Finding closes airport for Alt Stralau 70 Friedrichshain 10245 Berlin  Germany
finding text based coordinates
https://maps.googleapis.com/maps/api/place/findplacefromtext/json?input=Alt%20Stralau%2070%20Friedrichshain%2010245%20Berlin%C2%A0%20Germany&inputtype=textquery&fields=geometry&key=AIzaSyCicNHjqdmk99ZATCh_3h5o1unZypmguSw
Closest airport: 
Finding closes airport for Wibautstraat 150, 1091 GR Amsterdam,  Netherlands
finding text based coordinates
https://maps.googleapis.com/maps/api/place/findplacefromtext/json?input=Wibautstraat%20150%201091%20GR%20Amsterdam%C2%A0%20Netherlands&inputtype=textquery&fields=geometry&key=AIzaSyCicNHjqdmk99ZATCh_3h5o1unZypmguSw
Closest airport: 
Finding closes airport for Jalan Taman Kemang No. 12 Jakarta Selatan, 12730  Indonesia
finding text based coordinates
https://maps.googleapis.com/maps/api/place/findplacefromtext/json?input=Jalan%20Taman%20Kemang%20No.%2012%20Jakarta%20Selatan%2012730%C2%A0%20Indonesia&inputtype=textquery&fields=geometry&key=AIzaSyCicNHjqdmk99ZATCh_3h5o1unZypmguSw
Closest airport: 
Finding closes airport for Rembrandtplein 17, 1017 Binnenstad, Amsterdam,  Netherlands
finding text based coordinates
https://maps.googleapis.com/maps/api/place/findplacefromtext/json?input=Rembrandtplein%2017%201017%20Binnenstad%20Amsterdam%C2%A0%20Netherlands&inputtype=textquery&fields=geometry&key=AIzaSyCicNHjqdmk99ZATCh_3h5o1unZypmguSw
Closest airport: 
Finding closes airport for Via Carlo Giuseppe Merlo 3 (844.36 km) 20122 Milan,  Italy
finding text based coordinates
https://maps.googleapis.com/maps/api/place/findplacefromtext/json?input=Via%20Carlo%20Giuseppe%20Merlo%203%20%28844.36%20km%29%2020122%20Milan%C2%A0%20Italy&inputtype=textquery&fields=geometry&key=AIzaSyCicNHjqdmk99ZATCh_3h5o1unZypmguSw
Closest airport: 
Finding closes airport for Islandijos gatvė 4, Vilnius 01401, ‎  Lithuania
finding text based coordinates
https://maps.googleapis.com/maps/api/place/findplacefromtext/json?input=Islandijos%20gatv%C4%97%204%20Vilnius%2001401%20%E2%80%8E%C2%A0%20Lithuania&inputtype=textquery&fields=geometry&key=AIzaSyCicNHjqdmk99ZATCh_3h5o1unZypmguSw
Closest airport: 
Finding closes airport for Kaikukatu 2  Finland
finding text based coordinates
https://maps.googleapis.com/maps/api/place/findplacefromtext/json?input=Kaikukatu%202%C2%A0%20Finland&inputtype=textquery&fields=geometry&key=AIzaSyCicNHjqdmk99ZATCh_3h5o1unZypmguSw
Closest airport: 
Creating flight plan..
Calculating Carbon impact..
InterpolationRangeExceededException
ATMOS ERROR: InterpolationRangeExceededException for request: {1000178602 Dahlay6alae4Heev [{AMS MEB 1 2019-01-12 1}]}
ATMOS ERROR: InterpolationRangeExceededException for request: {1000178602 Dahlay6alae4Heev [{MEB AMS 1 2019-01-17 1}]}
ATMOS ERROR: InterpolationRangeExceededException for request: {1000178602 Dahlay6alae4Heev [{SYD AMS 1 2019-05-25 1}]}
Processing artist: Laurel Halo...Loading events by scraping https://www.residentadvisor.net/dj/laurelhalo in year 2019
Event: Laurel Halo, M.E.S.H, LDY OSC, Naeem, Savile at ​Good Room  at 98 Meserole Ave, Brooklyn, NY 11222  United States of America
Event: Pulp Presents: Laurel Halo, Batry Powr, Sunmoonstar at ​The Wooly  at 20 N Main St Gainesville, Florida, USA  United States of America
Event: Laurel Halo & Jacques Greene  at 40 NE 11th St, Miami, FL 33132  United States of America
Event: Research feat. Laurel Halo & Textasy at ​Kremwerk  at 1809 Minor Ave #10, Seattle, Washington 98101  United States of America
Event: Laurel Halo, Asmara, Kaili at ​Vertexx  at https://vertexx.space/  United States of America
Event: Taktlos Festival 2019 at ​Kanzlei  at Kanzleistrasse 56, 8004 Zürich,  Switzerland
Event: Laurel Halo at ​Apollo Club Milano  at via Giosuè Borsi, 9, 20143, Milan  Italy
Event: Laurel Halo 'DJ Kicks' Launch at ​Corsica Studios  at 5 Farrell Court Elephant & Castle London SE17 1LB  United Kingdom
Event: Nightrave x La Cheetah: Laurel Halo (DJ-Kicks Tour) at ​La Cheetah Club  at Basement, 73 Queen Street Glasgow, G1 3BZ Scotland  United Kingdom
Event: Laurel Halo at ​La Cheetah Club  at Basement, 73 Queen Street Glasgow, G1 3BZ Scotland  United Kingdom
Event: Soup Kitchen presents: Laurel Halo b2b Hodge at ​Soup Kitchen  at 31-33 Spear Street, Manchester, M1 1DF,  United Kingdom
Event: Säule Xxvi at ​Berghain | Panorama Bar | Säule  at 70 Am Wriezener Bahnhof Friedrichshain 10243 Berlin  Germany
Event: Concrete: Efdemin b2b Marco Shuttle, Laurel Halo, Steevio & Suzybee Live at ​Concrete  at 69 Port De La Rapée, 75012 Paris  France
Event: Mirage Club at ​Le Sucre  at 50 quai Rambaud, 69002 Lyon,  France
Event: Laurel Halo  at Doctor Jan van Breemenstraat 1 1056 AB Amsterdam  Netherlands
Event: Laurel Halo DJ-Kicks Tour 2019 at ​Culture Box  at Kronprinsessegade 54 Copenhagen K. 1306  Denmark
Event: Mother's Finest with Laurel Halo, Pangaea b2b Willow, Anastasia Kristensen, Batu, Peach at ​Griessmuehle  at Sonnenallee 221, 12059 Berlin  Germany
Event: Laurel Halo at ​Golden Pudel  at Am St. Pauli Fischmarkt 27 20359 Hamburg  Germany
Event: Livity Sound with Laurel Halo, Peverelist at ​The Love Inn  at 84 Stokes Croft, Stokes Croft, Bristol, BS1 3QY,  United Kingdom
Event: Laurel Halo Dj Kicks Tour 2019 at ​Sala Siroco  at Calle San Dimas, 3, 28015 Madrid,  Spain
Event: Laurel Halo at ​Siroco  at Calle de San Dimas, 5, Bajo, 28015 Madrid  Spain
Event: Nitsa: Fraternity: Jennifer Cardini at ​Nitsa  at Carrer Nou de la Rambla, 113 08004 Barcelona  Spain
Event: Laurel Halo at ​Nitsa  at Carrer Nou de la Rambla, 113 08004 Barcelona  Spain
Event: Laurel Halo at ​Bozar  at Rue Ravensteinstraat 23, 1000 Brussels,  Belgium
Event: Laurel Halo at ​Kauplus Aasia  at Kopli 2a, 10412 Tallinn,  Estonia
Event: Laurel Halo at ​Ääniwalli  at Pälkäneentie 13, 00510 Helsinki,  Finland
Event: Ääniwalli 6 V at ​Ääniwalli  at Pälkäneentie 13, 00510 Helsinki,  Finland
Event: Vivid LIVE 2019: Laurel Halo, 박혜진 park hye jin at ​The Studio at Sydney Opera House  at Sydney Opera House, Bennelong Point Circular Quay, NSW 2000  Australia
Event: Laurel Halo DJ-Set, Object Blue, Osheyack (Live), Haskii at ​Gösserhalle  at Laxenburger straße 2b, 1010 Vienna  Austria
Event: Primavera Sound 2019 (Friday) at ​Parc Del Forum  at Rambla Prim, 2-4 08019 Barcelona  Spain
Event: ON. Flying Lotus, Aïsha Devi, Laurel Halo at Kunstmuseum Basel at ​Kunstmuseum, Basel  at St. Alban-Graben 16, 4051 Basel,  Switzerland
Event: Macki Music Festival: Caterina Barbieri + Laurel Halo + SKY H1 at ​Gaite Lyrique, La  at 3 bis rue Papin 75003 Paris  France
Event: Glastonbury Festival 2019 at ​Worthy Farm  at Worthy Farm Worthy Lane Shepton Mallet BA4 4BY  United Kingdom
Event: Goodness Day & Night: Gerd Janson, Laurel Halo, Carista, Joe, Donna Leake at ​The Isis Farmhouse  at The Isis Farmhouse, River Thames, Iffley Lock, OX4 4EL, Oxford  United Kingdom
Event: The Pickle Factory with Laurel Halo, Don't DJ Live, Leif at ​The Pickle Factory  at 13-14 The Oval, London E2 9DU  United Kingdom
Event: Fünfzehn Jahre Hyperdub X Finest Friday at ​Berghain | Panorama Bar | Säule  at 70 Am Wriezener Bahnhof Friedrichshain 10243 Berlin  Germany
Event: Nextones 2019 at ​Cava La Beola di Monte  at Frazione Croppola, 28864 Montecrestese VB,  Italy
Event: Way Out West 2019 at ​Slottsskogen  at Slottskogspromenaden, 414 76 Göteborg,  Sweden
Event: Laurel Halo (Hyperdub)  at Calle Versalles 94, Juárez, 06600 Ciudad de México, CDMX  Mexico
Event: NTS x Minty Boi Presents: Laurel Halo b2b Hodge, Mesmé at ​1720  at 1720 E. 16th Ave, Los Angeles, CA 90021  United States of America
Event: Laurel Halo B2B Hodge at ​Elsewhere  at 599 Johnson Ave, Brooklyn, NY 11237  United States of America
Event: Sustain-Release Year Six at ​Camp Kennybrook  at 73 Camp Road, Monticello, NY 12701  United States of America
Event: MODE 2019: 10hrs of Ambient (GAS, Laurel Halo, Beatrice Dillon) at ​55-57 Great Marlborough St  at 55-57 Great Marlborough St, Soho, London W1F 7JX  United Kingdom
Event: The Ballroom Blitz: Season Opening at ​The Ballroom Blitz  at Karantina ,Dora Sea Side Road, Red Square Center Beirut،  Lebanon
Event: Future Soundscapes Festival at ​Silent Green Kulturquartier  at Gerichtstraße 35, 13347 Berlin,  Germany
Event: Path Festival x ArtVerona15 at ​Gallerie Mercatali  at Viale del Lavoro, 7 37135 Verona VR  Italy
Event: Red Bull Music Festival Istanbul  at Maslak Ayazaga Cad. (Ayazaga Cendere Yolu) No:4A Sariyer, Istanbul,  Turkey
Event: Simple Things Festival 2019 - Night at ​Lakota & Coroners Court  at 6 Upper York St, Bristol BS2 8QN  United Kingdom
Event: 3hd 2019: Fluid Wor(l)ds at ​Trauma Bar und Kino  at Heidestrasse 50, 10557 Berlin  Germany
Event: 3hd 2019: E-Waste. Heavy Metals at ​Postscheckamt  at Hallesches Ufer 40-60, 10963 Berlin  Germany
Event: C12 November Weekend at ​C12  at 116 rue Marché aux Herbes 1000 Brussels  Belgium
Event: C12 • Laurel Halo  at 116 rue Marché aux Herbes 1000 Brussels  Belgium
Event: Aurora Halal  at Doctor Jan van Breemenstraat 1 1056 AB Amsterdam  Netherlands
Event: Mother's Finest with DJ Bone, Laurel Halo b2b Hodge, Burnt Friedman Live at ​Griessmuehle  at Sonnenallee 221, 12059 Berlin  Germany
Event: 解体新書 Feat. Moritz von Oswald & Laurel Halo at ​Contact  at Shintaiso Building B2F, 2-10-12 Dogenzaka, Shibuya-ku, Tokyo, 150-0043  Japan
Event: All：laurel Halo [Hyperdub] at ​All  at 2F, 17 Xiangyang Bei Lu, near Changle Lu  China
Event: The Hydra Pres. with Robert Hood, Marcel Dettmann b2b DJ Stingray, Dave Clarke & More at ​Printworks  at 1 Surrey Quays Road, London, SE16 7PJ,  United Kingdom
Event: New Years at public records at ​public records  at 233 Butler St, Brooklyn, NY 11217, USA  United States of America
Laurel Halo toured at 51 events in 2019
Finding closes airport for Laxenburger straße 2b, 1010 Vienna  Austria
finding text based coordinates
https://maps.googleapis.com/maps/api/place/findplacefromtext/json?input=Laxenburger%20stra%C3%9Fe%202b%201010%20Vienna%C2%A0%20Austria&inputtype=textquery&fields=geometry&key=AIzaSyCicNHjqdmk99ZATCh_3h5o1unZypmguSw
Closest airport: 
Finding closes airport for 70 Am Wriezener Bahnhof Friedrichshain 10243 Berlin  Germany
finding text based coordinates
https://maps.googleapis.com/maps/api/place/findplacefromtext/json?input=70%20Am%20Wriezener%20Bahnhof%20Friedrichshain%2010243%20Berlin%C2%A0%20Germany&inputtype=textquery&fields=geometry&key=AIzaSyCicNHjqdmk99ZATCh_3h5o1unZypmguSw
Closest airport: 
Finding closes airport for 73 Camp Road, Monticello, NY 12701  United States of America
finding text based coordinates
https://maps.googleapis.com/maps/api/place/findplacefromtext/json?input=73%20Camp%20Road%20Monticello%20NY%2012701%C2%A0%20United%20States%20of%20America&inputtype=textquery&fields=geometry&key=AIzaSyCicNHjqdmk99ZATCh_3h5o1unZypmguSw
Closest airport: 
Finding closes airport for Karantina ,Dora Sea Side Road, Red Square Center Beirut،  Lebanon
finding text based coordinates
https://maps.googleapis.com/maps/api/place/findplacefromtext/json?input=Karantina%20Dora%20Sea%20Side%20Road%20Red%20Square%20Center%20Beirut%D8%8C%C2%A0%20Lebanon&inputtype=textquery&fields=geometry&key=AIzaSyCicNHjqdmk99ZATCh_3h5o1unZypmguSw
Closest airport: 
Finding closes airport for 40 NE 11th St, Miami, FL 33132  United States of America
finding text based coordinates
https://maps.googleapis.com/maps/api/place/findplacefromtext/json?input=40%20NE%2011th%20St%20Miami%20FL%2033132%C2%A0%20United%20States%20of%20America&inputtype=textquery&fields=geometry&key=AIzaSyCicNHjqdmk99ZATCh_3h5o1unZypmguSw
Closest airport: 
Finding closes airport for https://vertexx.space/  United States of America
